Copyright 1986-2022 Xilinx, Inc. All Rights Reserved. Copyright 2022-2025 Advanced Micro Devices, Inc. All Rights Reserved.
---------------------------------------------------------------------------------------------------------------------------------------------
| Tool Version : Vivado v.2025.2 (win64) Build 6299465 Fri Nov 14 19:35:11 GMT 2025
| Date         : Thu May  7 04:42:19 2026
| Host         : harun running 64-bit major release  (build 9200)
| Command      : report_drc -file design_1_wrapper_drc_routed.rpt -pb design_1_wrapper_drc_routed.pb -rpx design_1_wrapper_drc_routed.rpx
| Design       : design_1_wrapper
| Device       : xc7z020clg400-1
| Speed File   : -1
| Design State : Fully Routed
---------------------------------------------------------------------------------------------------------------------------------------------

Report DRC

Table of Contents
-----------------
1. REPORT SUMMARY
2. REPORT DETAILS

1. REPORT SUMMARY
-----------------
            Netlist: netlist
          Floorplan: design_1
      Design limits: <entire design considered>
           Ruledeck: default
             Max checks: <unlimited>
             Checks found: 3
+-----------+----------+---------------------------------+--------+
| Rule      | Severity | Description                     | Checks |
+-----------+----------+---------------------------------+--------+
| RPBF-3    | Warning  | IO port buffering is incomplete | 1      |
| RTSTAT-10 | Warning  | No routable loads               | 1      |
| ZPS7-1    | Warning  | PS7 block required              | 1      |
+-----------+----------+---------------------------------+--------+

2. REPORT DETAILS
-----------------
RPBF-3#1 Warning
IO port buffering is incomplete  
Device port cam_sda expects both input and output buffering but the buffers are incomplete.
Related violations: <none>

RTSTAT-10#1 Warning
No routable loads  
19 net(s) have no routable loads. The problem bus(es) and/or net(s) are design_1_i/top_0/inst/u_system/system_i/axis_data_fifo_0/inst/gen_fifo.xpm_fifo_axis_inst/xpm_fifo_base_inst/full_n
design_1_i/top_0/inst/u_system/system_i/axis_data_fifo_0/inst/gen_fifo.xpm_fifo_axis_inst/xpm_fifo_base_inst/gen_sdpram.xpm_memory_base_inst/doutb[23:0].
Related violations: <none>

ZPS7-1#1 Warning
PS7 block required  
The PS7 cell must be used in this Zynq design in order to enable correct default configuration.
Related violations: <none>


